[2022-02-23T20:43:08.014] [WARN] default - Ruta GET /login9877897 no implementada
[2022-02-23T21:01:15.506] [ERROR] default - User Not Found with username jose 
[2022-02-23T23:41:57.480] [WARN] default - Ruta GET /url%203 no implementada
[2022-02-24T14:26:32.448] [WARN] default - Ruta GET /url%203 no implementada
[2022-02-24T14:26:32.474] [WARN] default - Ruta GET /6 no implementada
[2022-02-24T14:26:32.483] [WARN] default - Ruta GET /7 no implementada
[2022-02-24T14:26:32.486] [WARN] default - Ruta GET /url%208 no implementada
[2022-02-24T14:35:41.668] [WARN] default - Ruta GET /url%203 no implementada
[2022-02-24T14:35:41.671] [WARN] default - Ruta GET /6 no implementada
[2022-02-24T14:35:41.678] [WARN] default - Ruta GET /7 no implementada
[2022-02-24T14:35:41.715] [WARN] default - Ruta GET /url%208 no implementada
[2022-02-24T14:37:12.166] [WARN] default - Ruta GET /url%203 no implementada
[2022-02-24T14:37:12.180] [WARN] default - Ruta GET /6 no implementada
[2022-02-24T14:37:12.195] [WARN] default - Ruta GET /7 no implementada
[2022-02-24T14:37:12.199] [WARN] default - Ruta GET /url%208 no implementada
[2022-02-24T14:37:27.895] [WARN] default - Ruta GET /url%203 no implementada
[2022-02-24T14:37:27.898] [WARN] default - Ruta GET /6 no implementada
[2022-02-24T14:37:27.899] [WARN] default - Ruta GET /7 no implementada
[2022-02-24T14:37:27.900] [WARN] default - Ruta GET /url%208 no implementada
[2022-02-24T14:39:11.972] [WARN] default - Ruta GET /api no implementada
[2022-02-24T14:41:05.097] [WARN] default - Ruta GET /6 no implementada
[2022-02-24T14:42:56.182] [WARN] default - Ruta GET /url%203 no implementada
[2022-02-24T14:42:56.269] [WARN] default - Ruta GET /7 no implementada
[2022-02-24T14:42:56.292] [WARN] default - Ruta GET /6 no implementada
[2022-02-24T14:42:56.308] [WARN] default - Ruta GET /url%208 no implementada
[2022-02-24T14:48:45.701] [WARN] default - Ruta GET /url%203 no implementada
[2022-02-24T14:48:45.725] [WARN] default - Ruta GET /6 no implementada
[2022-02-24T14:48:45.731] [WARN] default - Ruta GET /7 no implementada
[2022-02-24T14:58:46.518] [WARN] default - Ruta GET /url%203 no implementada
[2022-02-24T14:58:46.528] [WARN] default - Ruta GET /6 no implementada
[2022-02-24T14:58:46.545] [WARN] default - Ruta GET /7 no implementada
[2022-02-24T14:59:08.542] [WARN] default - Ruta GET /url%203 no implementada
[2022-02-24T14:59:08.571] [WARN] default - Ruta GET /7 no implementada
[2022-02-24T14:59:08.586] [WARN] default - Ruta GET /6 no implementada
[2022-02-24T15:08:36.706] [WARN] default - Ruta GET /url%203 no implementada
[2022-02-24T15:08:36.712] [WARN] default - Ruta GET /6 no implementada
[2022-02-24T15:08:36.715] [WARN] default - Ruta GET /7 no implementada
[2022-02-24T15:10:04.525] [WARN] default - Ruta GET /url%203 no implementada
[2022-02-24T15:10:04.532] [WARN] default - Ruta GET /6 no implementada
[2022-02-24T15:10:04.559] [WARN] default - Ruta GET /7 no implementada
[2022-02-24T15:10:43.278] [WARN] default - Ruta GET /url%203 no implementada
[2022-02-24T15:10:43.281] [WARN] default - Ruta GET /6 no implementada
[2022-02-24T15:10:43.284] [WARN] default - Ruta GET /7 no implementada
[2022-02-24T17:23:43.818] [ERROR] default - User Not Found with username diego@gmail.com
[2022-02-24T19:18:42.640] [WARN] default - Ruta GET /url%203 no implementada
[2022-02-24T20:10:49.785] [ERROR] default - User Not Found with username diego@gmail.com
[2022-03-08T20:02:30.425] [WARN] default - Ruta GET /graphiql no implementada
[2022-03-08T20:02:54.628] [WARN] default - Ruta GET /graphiql no implementada
[2022-03-09T21:03:36.198] [WARN] default - Ruta GET /url no implementada
[2022-03-09T21:15:34.920] [WARN] default - Ruta GET /url no implementada
[2022-03-10T22:33:54.175] [ERROR] default - Invalid Password
